2025-02-02 19:38:54,718 - cloud_retrieval - INFO - Environment info:
------------------------------------------------------------
sys.platform: linux
Python: 3.12.6 | packaged by conda-forge | (main, Sep 22 2024, 14:16:49) [GCC 13.3.0]
CUDA available: True
GPU 0: Tesla T4
CUDA_HOME: /usr/local/cuda
NVCC: Cuda compilation tools, release 12.1, V12.1.105
GCC: gcc (GCC) 7.3.1 20180712 (Red Hat 7.3.1-17)
PyTorch: 2.4.1
PyTorch compiling details: PyTorch built with:
  - GCC 9.3
  - C++ Version: 201703
  - Intel(R) oneAPI Math Kernel Library Version 2022.1-Product Build 20220311 for Intel(R) 64 architecture applications
  - Intel(R) MKL-DNN v3.4.2 (Git Hash 1137e04ec0b5251ca2b4400a4fd3c667ce843d67)
  - OpenMP 201511 (a.k.a. OpenMP 4.5)
  - LAPACK is enabled (usually provided by MKL)
  - NNPACK is enabled
  - CPU capability usage: AVX512
  - CUDA Runtime 12.4
  - NVCC architecture flags: -gencode;arch=compute_50,code=sm_50;-gencode;arch=compute_60,code=sm_60;-gencode;arch=compute_61,code=sm_61;-gencode;arch=compute_70,code=sm_70;-gencode;arch=compute_75,code=sm_75;-gencode;arch=compute_80,code=sm_80;-gencode;arch=compute_86,code=sm_86;-gencode;arch=compute_90,code=sm_90
  - CuDNN 90.1
  - Magma 2.6.1
  - Build settings: BLAS_INFO=mkl, BUILD_TYPE=Release, CUDA_VERSION=12.4, CUDNN_VERSION=9.1.0, CXX_COMPILER=/opt/rh/devtoolset-9/root/usr/bin/c++, CXX_FLAGS= -D_GLIBCXX_USE_CXX11_ABI=0 -fabi-version=11 -fvisibility-inlines-hidden -DUSE_PTHREADPOOL -DNDEBUG -DUSE_KINETO -DLIBKINETO_NOROCTRACER -DUSE_FBGEMM -DUSE_PYTORCH_QNNPACK -DUSE_XNNPACK -DSYMBOLICATE_MOBILE_DEBUG_HANDLE -O2 -fPIC -Wall -Wextra -Werror=return-type -Werror=non-virtual-dtor -Werror=bool-operation -Wnarrowing -Wno-missing-field-initializers -Wno-type-limits -Wno-array-bounds -Wno-unknown-pragmas -Wno-unused-parameter -Wno-unused-function -Wno-unused-result -Wno-strict-overflow -Wno-strict-aliasing -Wno-stringop-overflow -Wsuggest-override -Wno-psabi -Wno-error=pedantic -Wno-error=old-style-cast -Wno-missing-braces -fdiagnostics-color=always -faligned-new -Wno-unused-but-set-variable -Wno-maybe-uninitialized -fno-math-errno -fno-trapping-math -Werror=format -Wno-stringop-overflow, LAPACK_INFO=mkl, PERF_WITH_AVX=1, PERF_WITH_AVX2=1, PERF_WITH_AVX512=1, TORCH_VERSION=2.4.1, USE_CUDA=ON, USE_CUDNN=ON, USE_CUSPARSELT=1, USE_EXCEPTION_PTR=1, USE_GFLAGS=OFF, USE_GLOG=OFF, USE_GLOO=ON, USE_MKL=ON, USE_MKLDNN=ON, USE_MPI=OFF, USE_NCCL=ON, USE_NNPACK=ON, USE_OPENMP=ON, USE_ROCM=OFF, USE_ROCM_KERNEL_ASSERT=OFF, 

TorchVision: 0.19.1
OpenCV: 4.10.0
MMCV: 1.6.2
MMCV Compiler: n/a
MMCV CUDA Compiler: n/a
------------------------------------------------------------

2025-02-02 19:38:55,015 - cloud_retrieval - INFO - ====================================================================================================
Layer (type:depth-idx)                             Output Shape              Param #
====================================================================================================
DataParallel                                       [128, 2, 20, 20]          --
├─CAM: 1-1                                         [128, 2, 20, 20]          --
│    └─DoubleConv: 2-1                             [128, 32, 20, 20]         --
│    │    └─Sequential: 3-1                        [128, 32, 20, 20]         9,920
│    └─CBAM: 2-2                                   [128, 32, 20, 20]         --
│    │    └─ChannelGate: 3-2                       [128, 32, 20, 20]         162
│    └─Down: 2-3                                   [128, 64, 10, 10]         --
│    │    └─Sequential: 3-3                        [128, 64, 10, 10]         55,552
│    └─CBAM: 2-4                                   [128, 64, 10, 10]         --
│    │    └─ChannelGate: 3-4                       [128, 64, 10, 10]         580
│    └─Down: 2-5                                   [128, 128, 5, 5]          --
│    │    └─Sequential: 3-5                        [128, 128, 5, 5]          221,696
│    └─Up: 2-6                                     [128, 64, 10, 10]         --
│    │    └─ConvTranspose2d: 3-6                   [128, 64, 10, 10]         32,832
│    │    └─Dropout: 3-7                           [128, 64, 10, 10]         --
│    │    └─DoubleConv: 3-8                        [128, 64, 10, 10]         110,848
│    └─Up: 2-7                                     [128, 32, 20, 20]         --
│    │    └─ConvTranspose2d: 3-9                   [128, 32, 20, 20]         8,224
│    │    └─Dropout: 3-10                          [128, 32, 20, 20]         --
│    │    └─DoubleConv: 3-11                       [128, 32, 20, 20]         27,776
│    └─DoubleConv: 2-8                             [128, 1, 20, 20]          --
│    │    └─Sequential: 3-12                       [128, 1, 20, 20]          301
│    └─DoubleConv: 2-9                             [128, 1, 20, 20]          --
│    │    └─Sequential: 3-13                       [128, 1, 20, 20]          301
====================================================================================================
Total params: 468,192
Trainable params: 468,192
Non-trainable params: 0
Total mult-adds (Units.GIGABYTES): 5.62
====================================================================================================
Input size (MB): 0.41
Forward/backward pass size (MB): 193.54
Params size (MB): 1.87
Estimated Total Size (MB): 195.82
====================================================================================================
2025-02-02 19:38:55,016 - cloud_retrieval - INFO - Predicts cot,CER from r1 and r2 
2025-02-02 19:38:55,016 - cloud_retrieval - INFO - Parameters info:
------------------------------------------------------------
saved_model_path: v71_saved_model/cam/cam_fold_0_20250202_193854.pth
batch: 1024
optimizer: SGD
lr: 0.01
loss: MSE
scheduler: None
num_epochs: 2
patience: 1
w1: 1.0
w2: 1.0
p_batch_size: 128
patch_size: 20
------------------------------------------------------------

2025-02-02 19:38:57,458 - cloud_retrieval - INFO - [1/2] train_loss: 0.63312 valid_loss: 0.41716 lr: 0.01  
2025-02-02 19:38:59,732 - cloud_retrieval - INFO - [2/2] train_loss: 0.58664 valid_loss: 0.40816 lr: 0.01  
2025-02-02 19:39:00,413 - cloud_retrieval - INFO - Time: 9.58
2025-02-02 19:39:00,413 - cloud_retrieval - INFO -   Train Loss:  0.4172
  Valid loss:  0.417
  Test COT MSE: 1.0234
   Test CER MSE: 0.0118 
